02-14 15:38 [INFO] bot: Starting bot...
02-14 15:38 [INFO] bot: Loading config file...
02-14 15:38 [INFO] bot: Loading extensions...
02-14 15:38 [INFO] sqlalchemy.engine.base.Engine: SHOW VARIABLES LIKE 'sql_mode'
02-14 15:38 [INFO] sqlalchemy.engine.base.Engine: ()
02-14 15:38 [INFO] sqlalchemy.engine.base.Engine: SHOW VARIABLES LIKE 'lower_case_table_names'
02-14 15:38 [INFO] sqlalchemy.engine.base.Engine: ()
02-14 15:38 [INFO] sqlalchemy.engine.base.Engine: SELECT DATABASE()
02-14 15:38 [INFO] sqlalchemy.engine.base.Engine: ()
02-14 15:38 [INFO] sqlalchemy.engine.base.Engine: show collation where `Charset` = 'utf8mb4' and `Collation` = 'utf8mb4_bin'
02-14 15:38 [INFO] sqlalchemy.engine.base.Engine: ()
02-14 15:38 [INFO] sqlalchemy.engine.base.Engine: SELECT CAST('test plain returns' AS CHAR(60)) AS anon_1
02-14 15:38 [INFO] sqlalchemy.engine.base.Engine: ()
02-14 15:38 [INFO] sqlalchemy.engine.base.Engine: SELECT CAST('test unicode returns' AS CHAR(60)) AS anon_1
02-14 15:38 [INFO] sqlalchemy.engine.base.Engine: ()
02-14 15:38 [INFO] sqlalchemy.engine.base.Engine: SELECT CAST('test collated returns' AS CHAR CHARACTER SET utf8mb4) COLLATE utf8mb4_bin AS anon_1
02-14 15:38 [INFO] sqlalchemy.engine.base.Engine: ()
02-14 15:38 [INFO] sqlalchemy.engine.base.Engine: DESCRIBE `countries`
02-14 15:38 [INFO] sqlalchemy.engine.base.Engine: ()
02-14 15:38 [INFO] sqlalchemy.engine.base.Engine: SHOW VARIABLES LIKE 'sql_mode'
02-14 15:38 [INFO] sqlalchemy.engine.base.Engine: ()
02-14 15:38 [INFO] sqlalchemy.engine.base.Engine: SHOW VARIABLES LIKE 'lower_case_table_names'
02-14 15:38 [INFO] sqlalchemy.engine.base.Engine: ()
02-14 15:38 [INFO] sqlalchemy.engine.base.Engine: SELECT DATABASE()
02-14 15:38 [INFO] sqlalchemy.engine.base.Engine: ()
02-14 15:38 [INFO] sqlalchemy.engine.base.Engine: show collation where `Charset` = 'utf8mb4' and `Collation` = 'utf8mb4_bin'
02-14 15:38 [INFO] sqlalchemy.engine.base.Engine: ()
02-14 15:38 [INFO] sqlalchemy.engine.base.Engine: SELECT CAST('test plain returns' AS CHAR(60)) AS anon_1
02-14 15:38 [INFO] sqlalchemy.engine.base.Engine: ()
02-14 15:38 [INFO] sqlalchemy.engine.base.Engine: SELECT CAST('test unicode returns' AS CHAR(60)) AS anon_1
02-14 15:38 [INFO] sqlalchemy.engine.base.Engine: ()
02-14 15:38 [INFO] sqlalchemy.engine.base.Engine: SELECT CAST('test collated returns' AS CHAR CHARACTER SET utf8mb4) COLLATE utf8mb4_bin AS anon_1
02-14 15:38 [INFO] sqlalchemy.engine.base.Engine: ()
02-14 15:38 [INFO] sqlalchemy.engine.base.Engine: DESCRIBE `countries`
02-14 15:38 [INFO] sqlalchemy.engine.base.Engine: ()
02-14 15:38 [INFO] bot: Setting initial status before logging in...
02-14 15:38 [INFO] bot: Logging into Discord...
02-14 15:38 [INFO] discord.client: logging in using static token
02-14 15:38 [INFO] discord.gateway: Shard ID None has sent the IDENTIFY payload.
02-14 15:38 [INFO] discord.gateway: Shard ID None has connected to Gateway: ["gateway-prd-main-tmbj",{"micros":86753,"calls":["discord-sessions-prd-2-137",{"micros":81514,"calls":["start_session",{"micros":31702,"calls":["api-prd-main-26m6",{"micros":29084,"calls":["get_user",{"micros":2208},"add_authorized_ip",{"micros":1333},"get_guilds",{"micros":8695},"coros_wait",{"micros":1}]}]},"guilds_connect",{"micros":1,"calls":[]},"presence_connect",{"micros":23963,"calls":[]}]}]}] (Session ID: 85e77c565984ec1793bc3ac82011c7a4).
02-14 15:38 [INFO] bot: Logged in as THE GдмE's Bot - 795584370932842547
02-14 15:38 [INFO] sqlalchemy.engine.base.Engine: BEGIN (implicit)
02-14 15:38 [INFO] sqlalchemy.engine.base.Engine: SELECT countries.id AS countries_id, countries.name AS countries_name, countries.president_id AS countries_president_id, countries.channel_id AS countries_channel_id, countries.is_turn AS countries_is_turn, countries.polpow AS countries_polpow, countries.stability AS countries_stability, countries.war_support AS countries_war_support, countries.crime AS countries_crime, countries.population AS countries_population, countries.empire_sprawl AS countries_empire_sprawl, countries.legitimancy AS countries_legitimancy 
FROM countries
02-14 15:38 [INFO] sqlalchemy.engine.base.Engine: ()
02-14 15:38 [INFO] sqlalchemy.engine.base.Engine: ROLLBACK
02-14 15:38 [INFO] bot: Starting cleanup
02-14 15:38 [INFO] bot: Done 794781879995858995
02-14 15:38 [INFO] bot: Done 794781962552344586
02-14 15:38 [INFO] bot: Done 794782080110035014
02-14 15:38 [INFO] bot: Done 794782131715833876
02-14 15:38 [INFO] bot: Done 794782184040300574
02-14 15:38 [INFO] bot: Done 794782254886682654
02-14 15:38 [INFO] bot: Done 794782309726683137
02-14 15:38 [INFO] bot: Done 794782362885947432
02-14 15:38 [INFO] bot: Done 794782457672630312
02-14 15:38 [INFO] bot: Done 794782564627513354
02-14 15:38 [INFO] bot: Done 794782668579274802
02-14 15:38 [INFO] bot: Done 794782793606758421
02-14 15:39 [INFO] bot: Done 794782901161558027
02-14 15:39 [INFO] bot: Done 794783039623790592
02-14 15:39 [INFO] bot: Done 794783107911122954
02-14 15:39 [INFO] bot: Set status to idle: Game haven't started yet
02-14 15:39 [INFO] bot: Cleanup finished
02-14 15:52 [INFO] bot: Null#3843 in Private Message: .owner test
02-14 15:52 [ERROR] bot: Command raised an exception: AttributeError: 'NoneType' object has no attribute 'id'
NoneType: None
